#
# There is insufficient memory for the Java Runtime Environment to continue.
# Native memory allocation (malloc) failed to allocate 48240 bytes. Error detail: Chunk::new
# Possible reasons:
#   The system is out of physical RAM or swap space
#   This process is running with CompressedOops enabled, and the Java Heap may be blocking the growth of the native heap
# Possible solutions:
#   Reduce memory load on the system
#   Increase physical memory or swap space
#   Check if swap backing store is full
#   Decrease Java heap size (-Xmx/-Xms)
#   Decrease number of Java threads
#   Decrease Java thread stack sizes (-Xss)
#   Set larger code cache with -XX:ReservedCodeCacheSize=
#   JVM is running with Unscaled Compressed Oops mode in which the Java heap is
#     placed in the first 4GB address space. The Java Heap base address is the
#     maximum limit for the native heap growth. Please use -XX:HeapBaseMinAddress
#     to set the Java Heap base and to place the Java Heap above 4GB virtual address.
# This output file may be truncated or incomplete.
#
#  Out of Memory Error (arena.cpp:168), pid=32704, tid=25104
#
# JRE version: OpenJDK Runtime Environment Temurin-21.0.3+9 (21.0.3+9) (build 21.0.3+9-LTS)
# Java VM: OpenJDK 64-Bit Server VM Temurin-21.0.3+9 (21.0.3+9-LTS, mixed mode, tiered, compressed oops, compressed class ptrs, g1 gc, windows-amd64)
# No core dump will be written. Minidumps are not enabled by default on client versions of Windows
#

---------------  S U M M A R Y ------------

Command Line: -ea -Dfile.encoding=UTF-8 -Dstdout.encoding=UTF-8 -Dstderr.encoding=UTF-8 -XX:+ShowCodeDetailsInExceptionMessages org.testng.remote.RemoteTestNG -serport 62741 -protocol json -d C:\Users\atuls\Desktop\Eclipse\Chicco\test-output C:\Users\atuls\Desktop\Eclipse\Chicco\testngchicco.xml

Host: AMD Ryzen 5 4600H with Radeon Graphics         , 12 cores, 7G,  Windows 11 , 64 bit Build 22621 (10.0.22621.4391)
Time: Thu Dec 19 06:37:20 2024 India Standard Time elapsed time: 3.260074 seconds (0d 0h 0m 3s)

---------------  T H R E A D  ---------------

Current thread (0x000001975b2bb6a0):  JavaThread "C2 CompilerThread0" daemon [_thread_in_native, id=25104, stack(0x0000001160d00000,0x0000001160e00000) (1024K)]


Current CompileTask:
C2:   3260 2221       4       jdk.internal.jimage.ImageStringsReader::stringFromByteBufferMatches (138 bytes)

Stack: [0x0000001160d00000,0x0000001160e00000]
Native frames: (J=compiled Java code, j=interpreted, Vv=VM code, C=native code)
V  [jvm.dll+0x6c8699]
V  [jvm.dll+0x8a2061]
V  [jvm.dll+0x8a458e]
V  [jvm.dll+0x8a4c63]
V  [jvm.dll+0x27e476]
V  [jvm.dll+0xc4a1d]
V  [jvm.dll+0xc4f53]
V  [jvm.dll+0x3b265c]
V  [jvm.dll+0x37efa5]
V  [jvm.dll+0x37e40a]
V  [jvm.dll+0x2469c0]
V  [jvm.dll+0x245f9f]
V  [jvm.dll+0x1c6f4e]
V  [jvm.dll+0x255719]
V  [jvm.dll+0x253cba]
V  [jvm.dll+0x3ec1e6]
V  [jvm.dll+0x84bf8b]
V  [jvm.dll+0x6c6dcd]
C  [ucrtbase.dll+0x29333]
C  [KERNEL32.DLL+0x1259d]
C  [ntdll.dll+0x5af38]


---------------  P R O C E S S  ---------------

Threads class SMR info:
_java_thread_list=0x0000019760d2c980, length=28, elements={
0x0000019740dca910, 0x000001975b28d170, 0x000001975b2d46d0, 0x000001975b2dab20,
0x000001975b2db580, 0x000001975b2d8bd0, 0x000001975b2d9630, 0x000001975b2bb6a0,
0x000001975b2ade50, 0x000001975b488be0, 0x000001975b490430, 0x000001975bc94640,
0x00000197604acbd0, 0x0000019760e852d0, 0x0000019760675fd0, 0x0000019760676fb0,
0x0000019760677620, 0x0000019760493a00, 0x0000019760e66b00, 0x0000019760e67820,
0x0000019760e67190, 0x0000019760e66470, 0x0000019760e65750, 0x0000019760e643a0,
0x0000019760e65de0, 0x0000019760e64a30, 0x0000019760e650c0, 0x0000019760d40790
}

Java Threads: ( => current thread )
  0x0000019740dca910 JavaThread "main"                              [_thread_blocked, id=28252, stack(0x000000115ff00000,0x0000001160000000) (1024K)]
  0x000001975b28d170 JavaThread "Reference Handler"          daemon [_thread_blocked, id=19848, stack(0x0000001160700000,0x0000001160800000) (1024K)]
  0x000001975b2d46d0 JavaThread "Finalizer"                  daemon [_thread_blocked, id=32292, stack(0x0000001160800000,0x0000001160900000) (1024K)]
  0x000001975b2dab20 JavaThread "Signal Dispatcher"          daemon [_thread_blocked, id=6052, stack(0x0000001160900000,0x0000001160a00000) (1024K)]
  0x000001975b2db580 JavaThread "Attach Listener"            daemon [_thread_blocked, id=30824, stack(0x0000001160a00000,0x0000001160b00000) (1024K)]
  0x000001975b2d8bd0 JavaThread "Service Thread"             daemon [_thread_blocked, id=31484, stack(0x0000001160b00000,0x0000001160c00000) (1024K)]
  0x000001975b2d9630 JavaThread "Monitor Deflation Thread"   daemon [_thread_blocked, id=20436, stack(0x0000001160c00000,0x0000001160d00000) (1024K)]
=>0x000001975b2bb6a0 JavaThread "C2 CompilerThread0"         daemon [_thread_in_native, id=25104, stack(0x0000001160d00000,0x0000001160e00000) (1024K)]
  0x000001975b2ade50 JavaThread "C1 CompilerThread0"         daemon [_thread_blocked, id=24176, stack(0x0000001160e00000,0x0000001160f00000) (1024K)]
  0x000001975b488be0 JavaThread "Notification Thread"        daemon [_thread_blocked, id=31444, stack(0x0000001160f00000,0x0000001161000000) (1024K)]
  0x000001975b490430 JavaThread "Common-Cleaner"             daemon [_thread_blocked, id=29832, stack(0x0000001161000000,0x0000001161100000) (1024K)]
  0x000001975bc94640 JavaThread "ReaderThread"                      [_thread_in_native, id=340, stack(0x0000001161300000,0x0000001161400000) (1024K)]
  0x00000197604acbd0 JavaThread "ForkJoinPool.commonPool-worker-1" daemon [_thread_blocked, id=25760, stack(0x0000001161100000,0x0000001161200000) (1024K)]
  0x0000019760e852d0 JavaThread "HttpClient-1-SelectorManager" daemon [_thread_in_native, id=32736, stack(0x0000001162000000,0x0000001162100000) (1024K)]
  0x0000019760675fd0 JavaThread "External Process Output Forwarder - C:\Users\atuls\.cache\selenium\chromedriver\win64\131.0.6778.204\chromedriver.exe" daemon [_thread_in_native, id=22500, stack(0x0000001162100000,0x0000001162200000) (1024K)]
  0x0000019760676fb0 JavaThread "Driver Service Executor"    daemon [_thread_blocked, id=18268, stack(0x0000001162200000,0x0000001162300000) (1024K)]
  0x0000019760677620 JavaThread "Driver Service Executor"    daemon [_thread_in_native, id=30968, stack(0x0000001162300000,0x0000001162400000) (1024K)]
  0x0000019760493a00 JavaThread "UrlChecker-2"               daemon [_thread_blocked, id=31384, stack(0x0000001161b00000,0x0000001161c00000) (1024K)]
  0x0000019760e66b00 JavaThread "Keep-Alive-Timer"           daemon [_thread_blocked, id=29724, stack(0x0000001162400000,0x0000001162500000) (1024K)]
  0x0000019760e67820 JavaThread "JdkHttpClient-0-0"          daemon [_thread_blocked, id=23656, stack(0x0000001162500000,0x0000001162600000) (1024K)]
  0x0000019760e67190 JavaThread "CompletableFutureDelayScheduler" daemon [_thread_blocked, id=17004, stack(0x0000001162600000,0x0000001162700000) (1024K)]
  0x0000019760e66470 JavaThread "JdkHttpClient-0-1"          daemon [_thread_blocked, id=32192, stack(0x0000001162700000,0x0000001162800000) (1024K)]
  0x0000019760e65750 JavaThread "JdkHttpClient-0-2"          daemon [_thread_blocked, id=10484, stack(0x0000001162800000,0x0000001162900000) (1024K)]
  0x0000019760e643a0 JavaThread "JdkHttpClient-0-3"          daemon [_thread_blocked, id=26152, stack(0x0000001162900000,0x0000001162a00000) (1024K)]
  0x0000019760e65de0 JavaThread "HttpClient-2-SelectorManager" daemon [_thread_in_native, id=28572, stack(0x0000001162a00000,0x0000001162b00000) (1024K)]
  0x0000019760e64a30 JavaThread "JdkHttpClient-1-0"          daemon [_thread_blocked, id=30004, stack(0x0000001162b00000,0x0000001162c00000) (1024K)]
  0x0000019760e650c0 JavaThread "JdkHttpClient-1-1"          daemon [_thread_blocked, id=18676, stack(0x0000001162c00000,0x0000001162d00000) (1024K)]
  0x0000019760d40790 JavaThread "JdkHttpClient-1-2"          daemon [_thread_blocked, id=29084, stack(0x0000001162d00000,0x0000001162e00000) (1024K)]
Total: 28

Other Threads:
  0x000001975b1d6660 VMThread "VM Thread"                           [id=33248, stack(0x0000001160600000,0x0000001160700000) (1024K)]
  0x000001975b1c1b30 WatcherThread "VM Periodic Task Thread"        [id=24008, stack(0x0000001160500000,0x0000001160600000) (1024K)]
  0x00000197430b7a50 WorkerThread "GC Thread#0"                     [id=26464, stack(0x0000001160000000,0x0000001160100000) (1024K)]
  0x00000197602a9530 WorkerThread "GC Thread#1"                     [id=31500, stack(0x0000001161400000,0x0000001161500000) (1024K)]
  0x00000197602a98d0 WorkerThread "GC Thread#2"                     [id=33824, stack(0x0000001161500000,0x0000001161600000) (1024K)]
  0x00000197602a9c70 WorkerThread "GC Thread#3"                     [id=12244, stack(0x0000001161600000,0x0000001161700000) (1024K)]
  0x00000197603d3d40 WorkerThread "GC Thread#4"                     [id=13468, stack(0x0000001161700000,0x0000001161800000) (1024K)]
  0x0000019760315a30 WorkerThread "GC Thread#5"                     [id=5748, stack(0x0000001161800000,0x0000001161900000) (1024K)]
  0x0000019760315dd0 WorkerThread "GC Thread#6"                     [id=27584, stack(0x0000001161900000,0x0000001161a00000) (1024K)]
  0x0000019760316170 WorkerThread "GC Thread#7"                     [id=30832, stack(0x0000001161a00000,0x0000001161b00000) (1024K)]
  0x0000019760ae2070 WorkerThread "GC Thread#8"                     [id=5864, stack(0x0000001161c00000,0x0000001161d00000) (1024K)]
  0x00000197604ccfa0 WorkerThread "GC Thread#9"                     [id=11260, stack(0x0000001161d00000,0x0000001161e00000) (1024K)]
  0x00000197430c8750 ConcurrentGCThread "G1 Main Marker"            [id=19296, stack(0x0000001160100000,0x0000001160200000) (1024K)]
  0x00000197430c9250 WorkerThread "G1 Conc#0"                       [id=28416, stack(0x0000001160200000,0x0000001160300000) (1024K)]
  0x000001976067c520 WorkerThread "G1 Conc#1"                       [id=25976, stack(0x0000001161e00000,0x0000001161f00000) (1024K)]
  0x000001976064c840 WorkerThread "G1 Conc#2"                       [id=9008, stack(0x0000001161f00000,0x0000001162000000) (1024K)]
  0x000001975b0942f0 ConcurrentGCThread "G1 Refine#0"               [id=31472, stack(0x0000001160300000,0x0000001160400000) (1024K)]
  0x000001975b094c70 ConcurrentGCThread "G1 Service"                [id=29404, stack(0x0000001160400000,0x0000001160500000) (1024K)]
Total: 18

Threads with active compile tasks:
C2 CompilerThread0     3282 2221       4       jdk.internal.jimage.ImageStringsReader::stringFromByteBufferMatches (138 bytes)
Total: 1

VM state: at safepoint (normal execution)

VM Mutex/Monitor currently owned by a thread:  ([mutex/lock_event])
[0x00007ffe1d3a2128] Threads_lock - owner thread: 0x000001975b1d6660
[0x00007ffe1d3a2228] Heap_lock - owner thread: 0x0000019740dca910

Heap address: 0x000000008a200000, size: 1886 MB, Compressed Oops mode: 32-bit

CDS archive(s) not mapped
Compressed class space mapped at: 0x0000000100000000-0x0000000140000000, reserved size: 1073741824
Narrow klass base: 0x0000000000000000, Narrow klass shift: 3, Narrow klass range: 0x140000000

GC Precious Log:
 CardTable entry size: 512
 Card Set container configuration: InlinePtr #cards 5 size 8 Array Of Cards #cards 12 size 40 Howl #buckets 4 coarsen threshold 1843 Howl Bitmap #cards 512 size 80 coarsen threshold 460 Card regions per heap region 1 cards per card region 2048
 CPUs: 12 total, 12 available
 Memory: 7539M
 Large Page Support: Disabled
 NUMA Support: Disabled
 Compressed Oops: Enabled (32-bit)
 Heap Region Size: 1M
 Heap Min Capacity: 8M
 Heap Initial Capacity: 118M
 Heap Max Capacity: 1886M
 Pre-touch: Disabled
 Parallel Workers: 10
 Concurrent Workers: 3
 Concurrent Refinement Workers: 10
 Periodic GC: Disabled

Heap:
 garbage-first heap   total 37888K, used 29044K [0x000000008a200000, 0x0000000100000000)
  region size 1024K, 23 young (23552K), 3 survivors (3072K)
 Metaspace       used 26267K, committed 26688K, reserved 1114112K
  class space    used 2859K, committed 3072K, reserved 1048576K

Heap Regions: E=young(eden), S=young(survivor), O=old, HS=humongous(starts), HC=humongous(continues), CS=collection set, F=free, TAMS=top-at-mark-start, PB=parsable bottom
|   0|0x000000008a200000, 0x000000008a300000, 0x000000008a300000|100%|HS|  |TAMS 0x000000008a200000| PB 0x000000008a200000| Complete 
|   1|0x000000008a300000, 0x000000008a400000, 0x000000008a400000|100%| O|  |TAMS 0x000000008a300000| PB 0x000000008a300000| Untracked 
|   2|0x000000008a400000, 0x000000008a500000, 0x000000008a500000|100%| O|  |TAMS 0x000000008a400000| PB 0x000000008a400000| Untracked 
|   3|0x000000008a500000, 0x000000008a600000, 0x000000008a600000|100%| O|  |TAMS 0x000000008a500000| PB 0x000000008a500000| Untracked 
|   4|0x000000008a600000, 0x000000008a700000, 0x000000008a700000|100%| O|  |TAMS 0x000000008a600000| PB 0x000000008a600000| Untracked 
|   5|0x000000008a700000, 0x000000008a800000, 0x000000008a800000|100%| O|  |TAMS 0x000000008a700000| PB 0x000000008a700000| Untracked 
|   6|0x000000008a800000, 0x000000008a8dbfe8, 0x000000008a900000| 85%| O|  |TAMS 0x000000008a800000| PB 0x000000008a800000| Untracked 
|   7|0x000000008a900000, 0x000000008a900000, 0x000000008aa00000|  0%| F|  |TAMS 0x000000008a900000| PB 0x000000008a900000| Untracked 
|   8|0x000000008aa00000, 0x000000008aa00000, 0x000000008ab00000|  0%| F|  |TAMS 0x000000008aa00000| PB 0x000000008aa00000| Untracked 
|   9|0x000000008ab00000, 0x000000008ab00000, 0x000000008ac00000|  0%| F|  |TAMS 0x000000008ab00000| PB 0x000000008ab00000| Untracked 
|  10|0x000000008ac00000, 0x000000008ac00000, 0x000000008ad00000|  0%| F|  |TAMS 0x000000008ac00000| PB 0x000000008ac00000| Untracked 
|  11|0x000000008ad00000, 0x000000008ad00000, 0x000000008ae00000|  0%| F|  |TAMS 0x000000008ad00000| PB 0x000000008ad00000| Untracked 
|  12|0x000000008ae00000, 0x000000008aedb660, 0x000000008af00000| 85%| S|  |TAMS 0x000000008ae00000| PB 0x000000008ae00000| Complete 
|  13|0x000000008af00000, 0x000000008b000000, 0x000000008b000000|100%| S|  |TAMS 0x000000008af00000| PB 0x000000008af00000| Complete 
|  14|0x000000008b000000, 0x000000008b100000, 0x000000008b100000|100%| S|  |TAMS 0x000000008b000000| PB 0x000000008b000000| Complete 
|  15|0x000000008b100000, 0x000000008b200000, 0x000000008b200000|100%| E|CS|TAMS 0x000000008b100000| PB 0x000000008b100000| Complete 
|  16|0x000000008b200000, 0x000000008b300000, 0x000000008b300000|100%| E|CS|TAMS 0x000000008b200000| PB 0x000000008b200000| Complete 
|  17|0x000000008b300000, 0x000000008b400000, 0x000000008b400000|100%| E|CS|TAMS 0x000000008b300000| PB 0x000000008b300000| Complete 
|  18|0x000000008b400000, 0x000000008b500000, 0x000000008b500000|100%| E|CS|TAMS 0x000000008b400000| PB 0x000000008b400000| Complete 
|  19|0x000000008b500000, 0x000000008b600000, 0x000000008b600000|100%| E|CS|TAMS 0x000000008b500000| PB 0x000000008b500000| Complete 
|  20|0x000000008b600000, 0x000000008b700000, 0x000000008b700000|100%| E|CS|TAMS 0x000000008b600000| PB 0x000000008b600000| Complete 
|  21|0x000000008b700000, 0x000000008b800000, 0x000000008b800000|100%| E|CS|TAMS 0x000000008b700000| PB 0x000000008b700000| Complete 
|  22|0x000000008b800000, 0x000000008b900000, 0x000000008b900000|100%| E|CS|TAMS 0x000000008b800000| PB 0x000000008b800000| Complete 
|  23|0x000000008b900000, 0x000000008ba00000, 0x000000008ba00000|100%| E|CS|TAMS 0x000000008b900000| PB 0x000000008b900000| Complete 
|  24|0x000000008ba00000, 0x000000008bb00000, 0x000000008bb00000|100%| E|CS|TAMS 0x000000008ba00000| PB 0x000000008ba00000| Complete 
|  25|0x000000008bb00000, 0x000000008bc00000, 0x000000008bc00000|100%| E|CS|TAMS 0x000000008bb00000| PB 0x000000008bb00000| Complete 
|  26|0x000000008bc00000, 0x000000008bd00000, 0x000000008bd00000|100%| E|CS|TAMS 0x000000008bc00000| PB 0x000000008bc00000| Complete 
|  27|0x000000008bd00000, 0x000000008be00000, 0x000000008be00000|100%| E|CS|TAMS 0x000000008bd00000| PB 0x000000008bd00000| Complete 
|  28|0x000000008be00000, 0x000000008bf00000, 0x000000008bf00000|100%| E|CS|TAMS 0x000000008be00000| PB 0x000000008be00000| Complete 
|  29|0x000000008bf00000, 0x000000008c000000, 0x000000008c000000|100%| E|CS|TAMS 0x000000008bf00000| PB 0x000000008bf00000| Complete 
|  30|0x000000008c000000, 0x000000008c100000, 0x000000008c100000|100%| E|CS|TAMS 0x000000008c000000| PB 0x000000008c000000| Complete 
|  31|0x000000008c100000, 0x000000008c200000, 0x000000008c200000|100%| E|CS|TAMS 0x000000008c100000| PB 0x000000008c100000| Complete 
|  32|0x000000008c200000, 0x000000008c300000, 0x000000008c300000|100%| E|CS|TAMS 0x000000008c200000| PB 0x000000008c200000| Complete 
| 107|0x0000000090d00000, 0x0000000090d81030, 0x0000000090e00000| 50%| E|CS|TAMS 0x0000000090d00000| PB 0x0000000090d00000| Complete 
| 108|0x0000000090e00000, 0x0000000090f00000, 0x0000000090f00000|100%| E|CS|TAMS 0x0000000090e00000| PB 0x0000000090e00000| Complete 
| 116|0x0000000091600000, 0x0000000091700000, 0x0000000091700000|100%| E|CS|TAMS 0x0000000091600000| PB 0x0000000091600000| Complete 
| 117|0x0000000091700000, 0x0000000091800000, 0x0000000091800000|100%| E|CS|TAMS 0x0000000091700000| PB 0x0000000091700000| Complete 

Card table byte_map: [0x0000019756460000,0x0000019756810000] _byte_map_base: 0x000001975600f000

Marking Bits: (CMBitMap*) 0x00000197430b8960
 Bits: [0x0000019756810000, 0x0000019758588000)

Polling page: 0x0000019742820000

Metaspace:

Usage:
  Non-class:     22.86 MB used.
      Class:      2.79 MB used.
       Both:     25.65 MB used.

Virtual space:
  Non-class space:       64.00 MB reserved,      23.06 MB ( 36%) committed,  1 nodes.
      Class space:        1.00 GB reserved,       3.00 MB ( <1%) committed,  1 nodes.
             Both:        1.06 GB reserved,      26.06 MB (  2%) committed. 

Chunk freelists:
   Non-Class:  8.12 MB
       Class:  12.91 MB
        Both:  21.03 MB

MaxMetaspaceSize: unlimited
CompressedClassSpaceSize: 1.00 GB
Initial GC threshold: 21.00 MB
Current GC threshold: 35.12 MB
CDS: off
 - commit_granule_bytes: 65536.
 - commit_granule_words: 8192.
 - virtual_space_node_default_size: 8388608.
 - enlarge_chunks_in_place: 1.
 - use_allocation_guard: 0.


Internal statistics:

num_allocs_failed_limit: 3.
num_arena_births: 514.
num_arena_deaths: 0.
num_vsnodes_births: 2.
num_vsnodes_deaths: 0.
num_space_committed: 417.
num_space_uncommitted: 0.
num_chunks_returned_to_freelist: 3.
num_chunks_taken_from_freelist: 1018.
num_chunk_merges: 0.
num_chunk_splits: 591.
num_chunks_enlarged: 315.
num_inconsistent_stats: 0.

CodeHeap 'non-profiled nmethods': size=120000Kb used=792Kb max_used=792Kb free=119207Kb
 bounds [0x000001974e630000, 0x000001974e8a0000, 0x0000019755b60000]
CodeHeap 'profiled nmethods': size=120000Kb used=4205Kb max_used=4205Kb free=115794Kb
 bounds [0x0000019746b60000, 0x0000019746f80000, 0x000001974e090000]
CodeHeap 'non-nmethods': size=5760Kb used=1498Kb max_used=1514Kb free=4262Kb
 bounds [0x000001974e090000, 0x000001974e300000, 0x000001974e630000]
 total_blobs=2795 nmethods=2223 adapters=476
 compilation: enabled
              stopped_count=0, restarted_count=0
 full_count=0

Compilation events (20 events):
Event: 3.252 Thread 0x000001975b2ade50 nmethod 2212 0x0000019746f74a10 code [0x0000019746f74ba0, 0x0000019746f74ca8]
Event: 3.252 Thread 0x000001975b2ade50 2213       3       jdk.internal.module.SystemModuleFinders$SystemModuleReader::read (25 bytes)
Event: 3.252 Thread 0x000001975b2ade50 nmethod 2213 0x0000019746f74d10 code [0x0000019746f74f60, 0x0000019746f75780]
Event: 3.252 Thread 0x000001975b2ade50 2215       3       jdk.internal.misc.Unsafe::checkNativeAddress (28 bytes)
Event: 3.252 Thread 0x000001975b2ade50 nmethod 2215 0x0000019746f75a90 code [0x0000019746f75c20, 0x0000019746f75d38]
Event: 3.252 Thread 0x000001975b2ade50 2214       3       jdk.internal.module.SystemModuleFinders$SystemModuleReader::findImageLocation (42 bytes)
Event: 3.253 Thread 0x000001975b2ade50 nmethod 2214 0x0000019746f75e10 code [0x0000019746f76040, 0x0000019746f766c8]
Event: 3.253 Thread 0x000001975b2ade50 2218       3       java.nio.HeapByteBuffer::getLong (30 bytes)
Event: 3.253 Thread 0x000001975b2ade50 nmethod 2218 0x0000019746f76910 code [0x0000019746f76b60, 0x0000019746f77440]
Event: 3.253 Thread 0x000001975b2ade50 2217       3       jdk.internal.jimage.ImageBufferCache::releaseBuffer (71 bytes)
Event: 3.254 Thread 0x000001975b2ade50 nmethod 2217 0x0000019746f77890 code [0x0000019746f77b00, 0x0000019746f788e8]
Event: 3.254 Thread 0x000001975b2ade50 2219   !   3       jdk.internal.misc.ScopedMemoryAccess::getLongUnaligned (18 bytes)
Event: 3.254 Thread 0x000001975b2ade50 nmethod 2219 0x0000019746f78c90 code [0x0000019746f78e80, 0x0000019746f79338]
Event: 3.254 Thread 0x000001975b2ade50 2220   !   3       jdk.internal.misc.ScopedMemoryAccess::getLongUnalignedInternal (36 bytes)
Event: 3.254 Thread 0x000001975b2ade50 nmethod 2220 0x0000019746f79610 code [0x0000019746f797e0, 0x0000019746f79b68]
Event: 3.254 Thread 0x000001975b2ade50 2216       3       jdk.internal.jimage.ImageLocation::<init> (27 bytes)
Event: 3.255 Thread 0x000001975b2bb6a0 2221       4       jdk.internal.jimage.ImageStringsReader::stringFromByteBufferMatches (138 bytes)
Event: 3.255 Thread 0x000001975b2ade50 nmethod 2216 0x0000019746f79d90 code [0x0000019746f79f80, 0x0000019746f7a540]
Event: 3.255 Thread 0x000001975b2ade50 2222       3       java.security.SecureClassLoader::defineClass (12 bytes)
Event: 3.255 Thread 0x000001975b2ade50 nmethod 2222 0x0000019746f7a710 code [0x0000019746f7a8c0, 0x0000019746f7aa58]

GC Heap History (4 events):
Event: 0.989 GC heap before
{Heap before GC invocations=0 (full 0):
 garbage-first heap   total 120832K, used 23552K [0x000000008a200000, 0x0000000100000000)
  region size 1024K, 23 young (23552K), 0 survivors (0K)
 Metaspace       used 16918K, committed 17216K, reserved 1114112K
  class space    used 1695K, committed 1792K, reserved 1048576K
}
Event: 0.994 GC heap after
{Heap after GC invocations=1 (full 0):
 garbage-first heap   total 120832K, used 6584K [0x000000008a200000, 0x0000000100000000)
  region size 1024K, 3 young (3072K), 3 survivors (3072K)
 Metaspace       used 16918K, committed 17216K, reserved 1114112K
  class space    used 1695K, committed 1792K, reserved 1048576K
}
Event: 1.799 GC heap before
{Heap before GC invocations=1 (full 0):
 garbage-first heap   total 120832K, used 14776K [0x000000008a200000, 0x0000000100000000)
  region size 1024K, 12 young (12288K), 3 survivors (3072K)
 Metaspace       used 21146K, committed 21504K, reserved 1114112K
  class space    used 2200K, committed 2368K, reserved 1048576K
}
Event: 1.804 GC heap after
{Heap after GC invocations=2 (full 0):
 garbage-first heap   total 120832K, used 8564K [0x000000008a200000, 0x0000000100000000)
  region size 1024K, 2 young (2048K), 2 survivors (2048K)
 Metaspace       used 21146K, committed 21504K, reserved 1114112K
  class space    used 2200K, committed 2368K, reserved 1048576K
}

Dll operation events (9 events):
Event: 0.007 Loaded shared library C:\Users\atuls\Downloads\eclipse-committers-2024-06-R-win32-x86_64\eclipse\plugins\org.eclipse.justj.openjdk.hotspot.jre.full.win32.x86_64_21.0.3.v20240426-1530\jre\bin\java.dll
Event: 0.013 Loaded shared library C:\Users\atuls\Downloads\eclipse-committers-2024-06-R-win32-x86_64\eclipse\plugins\org.eclipse.justj.openjdk.hotspot.jre.full.win32.x86_64_21.0.3.v20240426-1530\jre\bin\zip.dll
Event: 0.143 Loaded shared library C:\Users\atuls\Downloads\eclipse-committers-2024-06-R-win32-x86_64\eclipse\plugins\org.eclipse.justj.openjdk.hotspot.jre.full.win32.x86_64_21.0.3.v20240426-1530\jre\bin\net.dll
Event: 0.144 Loaded shared library C:\Users\atuls\Downloads\eclipse-committers-2024-06-R-win32-x86_64\eclipse\plugins\org.eclipse.justj.openjdk.hotspot.jre.full.win32.x86_64_21.0.3.v20240426-1530\jre\bin\nio.dll
Event: 0.155 Loaded shared library C:\Users\atuls\Downloads\eclipse-committers-2024-06-R-win32-x86_64\eclipse\plugins\org.eclipse.justj.openjdk.hotspot.jre.full.win32.x86_64_21.0.3.v20240426-1530\jre\bin\zip.dll
Event: 0.335 Loaded shared library C:\Users\atuls\Downloads\eclipse-committers-2024-06-R-win32-x86_64\eclipse\plugins\org.eclipse.justj.openjdk.hotspot.jre.full.win32.x86_64_21.0.3.v20240426-1530\jre\bin\jimage.dll
Event: 0.374 Loaded shared library C:\Users\atuls\Downloads\eclipse-committers-2024-06-R-win32-x86_64\eclipse\plugins\org.eclipse.justj.openjdk.hotspot.jre.full.win32.x86_64_21.0.3.v20240426-1530\jre\bin\verify.dll
Event: 0.480 Loaded shared library C:\Users\atuls\Downloads\eclipse-committers-2024-06-R-win32-x86_64\eclipse\plugins\org.eclipse.justj.openjdk.hotspot.jre.full.win32.x86_64_21.0.3.v20240426-1530\jre\bin\extnet.dll
Event: 1.700 Loaded shared library C:\Users\atuls\Downloads\eclipse-committers-2024-06-R-win32-x86_64\eclipse\plugins\org.eclipse.justj.openjdk.hotspot.jre.full.win32.x86_64_21.0.3.v20240426-1530\jre\bin\sunmscapi.dll

Deoptimization events (20 events):
Event: 1.946 Thread 0x0000019740dca910 Uncommon trap: trap_request=0xffffffde fr.pc=0x000001974e6b03e4 relative=0x0000000000000304
Event: 1.946 Thread 0x0000019740dca910 Uncommon trap: reason=class_check action=maybe_recompile pc=0x000001974e6b03e4 method=java.util.regex.Pattern$BmpCharPropertyGreedy.match(Ljava/util/regex/Matcher;ILjava/lang/CharSequence;)Z @ 26 c2
Event: 1.946 Thread 0x0000019740dca910 DEOPT PACKING pc=0x000001974e6b03e4 sp=0x000000115fffcca0
Event: 1.946 Thread 0x0000019740dca910 DEOPT UNPACKING pc=0x000001974e0e46a2 sp=0x000000115fffcc58 mode 2
Event: 1.991 Thread 0x0000019760493a00 Uncommon trap: trap_request=0xffffffde fr.pc=0x000001974e6b03e4 relative=0x0000000000000304
Event: 1.991 Thread 0x0000019760493a00 Uncommon trap: reason=class_check action=maybe_recompile pc=0x000001974e6b03e4 method=java.util.regex.Pattern$BmpCharPropertyGreedy.match(Ljava/util/regex/Matcher;ILjava/lang/CharSequence;)Z @ 26 c2
Event: 1.991 Thread 0x0000019760493a00 DEOPT PACKING pc=0x000001974e6b03e4 sp=0x0000001161bfe420
Event: 1.991 Thread 0x0000019760493a00 DEOPT UNPACKING pc=0x000001974e0e46a2 sp=0x0000001161bfe3b8 mode 2
Event: 1.996 Thread 0x0000019760493a00 Uncommon trap: trap_request=0xffffff45 fr.pc=0x000001974e67df78 relative=0x0000000000000198
Event: 1.996 Thread 0x0000019760493a00 Uncommon trap: reason=unstable_if action=reinterpret pc=0x000001974e67df78 method=java.lang.invoke.VarHandle.checkAccessModeThenIsDirect(Ljava/lang/invoke/VarHandle$AccessDescriptor;)Z @ 4 c2
Event: 1.996 Thread 0x0000019760493a00 DEOPT PACKING pc=0x000001974e67df78 sp=0x0000001161bfe9f0
Event: 1.996 Thread 0x0000019760493a00 DEOPT UNPACKING pc=0x000001974e0e46a2 sp=0x0000001161bfe928 mode 2
Event: 2.095 Thread 0x0000019760e67820 Uncommon trap: trap_request=0xffffff45 fr.pc=0x000001974e6cdae0 relative=0x0000000000001620
Event: 2.095 Thread 0x0000019760e67820 Uncommon trap: reason=unstable_if action=reinterpret pc=0x000001974e6cdae0 method=java.util.concurrent.ConcurrentHashMap.transfer([Ljava/util/concurrent/ConcurrentHashMap$Node;[Ljava/util/concurrent/ConcurrentHashMap$Node;)V @ 26 c2
Event: 2.095 Thread 0x0000019760e67820 DEOPT PACKING pc=0x000001974e6cdae0 sp=0x00000011625fd8e0
Event: 2.095 Thread 0x0000019760e67820 DEOPT UNPACKING pc=0x000001974e0e46a2 sp=0x00000011625fd850 mode 2
Event: 3.200 Thread 0x0000019740dca910 Uncommon trap: trap_request=0xffffff45 fr.pc=0x000001974e6ad430 relative=0x0000000000000db0
Event: 3.200 Thread 0x0000019740dca910 Uncommon trap: reason=unstable_if action=reinterpret pc=0x000001974e6ad430 method=java.util.concurrent.ConcurrentHashMap.putVal(Ljava/lang/Object;Ljava/lang/Object;Z)Ljava/lang/Object; @ 231 c2
Event: 3.200 Thread 0x0000019740dca910 DEOPT PACKING pc=0x000001974e6ad430 sp=0x000000115fffd9c0
Event: 3.200 Thread 0x0000019740dca910 DEOPT UNPACKING pc=0x000001974e0e46a2 sp=0x000000115fffd920 mode 2

Classes loaded (20 events):
Event: 3.160 Loading class java/lang/invoke/VarHandleBytes$FieldInstanceReadOnly done
Event: 3.160 Loading class java/lang/invoke/VarHandleBytes$FieldInstanceReadWrite done
Event: 3.168 Loading class java/util/LinkedList$DescendingIterator
Event: 3.168 Loading class java/util/LinkedList$DescendingIterator done
Event: 3.226 Loading class java/util/concurrent/locks/ReadWriteLock
Event: 3.226 Loading class java/util/concurrent/locks/ReadWriteLock done
Event: 3.229 Loading class java/util/concurrent/locks/ReentrantReadWriteLock
Event: 3.229 Loading class java/util/concurrent/locks/ReentrantReadWriteLock done
Event: 3.229 Loading class java/util/concurrent/locks/ReentrantReadWriteLock$FairSync
Event: 3.229 Loading class java/util/concurrent/locks/ReentrantReadWriteLock$Sync
Event: 3.229 Loading class java/util/concurrent/locks/ReentrantReadWriteLock$Sync done
Event: 3.229 Loading class java/util/concurrent/locks/ReentrantReadWriteLock$FairSync done
Event: 3.229 Loading class java/util/concurrent/locks/ReentrantReadWriteLock$Sync$ThreadLocalHoldCounter
Event: 3.230 Loading class java/util/concurrent/locks/ReentrantReadWriteLock$Sync$ThreadLocalHoldCounter done
Event: 3.230 Loading class java/util/concurrent/locks/ReentrantReadWriteLock$ReadLock
Event: 3.230 Loading class java/util/concurrent/locks/ReentrantReadWriteLock$ReadLock done
Event: 3.230 Loading class java/util/concurrent/locks/ReentrantReadWriteLock$WriteLock
Event: 3.230 Loading class java/util/concurrent/locks/ReentrantReadWriteLock$WriteLock done
Event: 3.245 Loading class sun/net/www/HeaderParser
Event: 3.245 Loading class sun/net/www/HeaderParser done

Classes unloaded (0 events):
No events

Classes redefined (0 events):
No events

Internal exceptions (20 events):
Event: 1.683 Thread 0x0000019740dca910 Exception <a 'java/lang/NoSuchMethodError'{0x0000000091163cc0}: 'java.lang.Object java.lang.invoke.DirectMethodHandle$Holder.invokeSpecial(java.lang.Object, java.lang.Object, int, java.lang.Object, java.lang.Object)'> (0x0000000091163cc0) 
thrown [s\src\hotspot\share\interpreter\linkResolver.cpp, line 773]
Event: 1.683 Thread 0x0000019740dca910 Exception <a 'java/lang/NoSuchMethodError'{0x0000000091167930}: 'java.lang.Object java.lang.invoke.DelegatingMethodHandle$Holder.delegate(java.lang.Object, int, java.lang.Object, java.lang.Object)'> (0x0000000091167930) 
thrown [s\src\hotspot\share\interpreter\linkResolver.cpp, line 773]
Event: 1.684 Thread 0x0000019740dca910 Exception <a 'java/lang/NoSuchMethodError'{0x0000000091176ea0}: 'int java.lang.invoke.Invokers$Holder.linkToTargetMethod(java.lang.Object, java.lang.Object, java.lang.Object)'> (0x0000000091176ea0) 
thrown [s\src\hotspot\share\interpreter\linkResolver.cpp, line 773]
Event: 1.687 Thread 0x0000019740dca910 Exception <a 'java/lang/NoSuchMethodError'{0x00000000911a87a8}: 'long java.lang.invoke.DirectMethodHandle$Holder.invokeSpecial(java.lang.Object, java.lang.Object)'> (0x00000000911a87a8) 
thrown [s\src\hotspot\share\interpreter\linkResolver.cpp, line 773]
Event: 1.745 Thread 0x0000019740dca910 Exception <a 'sun/nio/fs/WindowsException'{0x00000000910dd480}> (0x00000000910dd480) 
thrown [s\src\hotspot\share\prims\jni.cpp, line 520]
Event: 1.943 Thread 0x0000019740dca910 Exception <a 'java/lang/NoSuchMethodError'{0x000000008bb9b840}: 'java.lang.Object java.lang.invoke.DirectMethodHandle$Holder.invokeInterface(java.lang.Object, java.lang.Object, java.lang.Object)'> (0x000000008bb9b840) 
thrown [s\src\hotspot\share\interpreter\linkResolver.cpp, line 773]
Event: 1.944 Thread 0x0000019740dca910 Exception <a 'java/lang/IncompatibleClassChangeError'{0x000000008bb9ec28}: Found class java.lang.Object, but interface was expected> (0x000000008bb9ec28) 
thrown [s\src\hotspot\share\interpreter\linkResolver.cpp, line 840]
Event: 1.945 Thread 0x0000019740dca910 Exception <a 'java/lang/NoSuchMethodError'{0x000000008bba6120}: 'int java.lang.invoke.DirectMethodHandle$Holder.invokeSpecialIFC(java.lang.Object, java.lang.Object, java.lang.Object, java.lang.Object)'> (0x000000008bba6120) 
thrown [s\src\hotspot\share\interpreter\linkResolver.cpp, line 773]
Event: 1.948 Thread 0x0000019740dca910 Exception <a 'java/lang/NoSuchMethodError'{0x000000008bbc90b0}: 'java.lang.Object java.lang.invoke.DirectMethodHandle$Holder.invokeVirtual(java.lang.Object, java.lang.Object, java.lang.Object, java.lang.Object)'> (0x000000008bbc90b0) 
thrown [s\src\hotspot\share\interpreter\linkResolver.cpp, line 773]
Event: 1.996 Thread 0x0000019760493a00 Exception <a 'java/net/ConnectException'{0x000000008ba41e68}: Connection refused: getsockopt> (0x000000008ba41e68) 
thrown [s\src\hotspot\share\prims\jni.cpp, line 539]
Event: 2.021 Thread 0x0000019760493a00 Exception <a 'java/net/ConnectException'{0x000000008ba42f58}: Connection refused: getsockopt> (0x000000008ba42f58) 
thrown [s\src\hotspot\share\prims\jni.cpp, line 539]
Event: 2.079 Thread 0x0000019740dca910 Exception <a 'java/lang/NoSuchMethodError'{0x000000008baf3ad0}: 'java.lang.Object java.lang.invoke.DirectMethodHandle$Holder.newInvokeSpecial(java.lang.Object, java.lang.Object, int, int)'> (0x000000008baf3ad0) 
thrown [s\src\hotspot\share\interpreter\linkResolver.cpp, line 773]
Event: 2.080 Thread 0x0000019740dca910 Exception <a 'java/lang/NoSuchMethodError'{0x000000008bafdfa8}: 'void java.lang.invoke.DirectMethodHandle$Holder.invokeStatic(java.lang.Object, java.lang.Object, int)'> (0x000000008bafdfa8) 
thrown [s\src\hotspot\share\interpreter\linkResolver.cpp, line 773]
Event: 2.119 Thread 0x0000019760e67820 Exception <a 'java/lang/NoSuchMethodError'{0x000000008b744b98}: 'java.lang.Object java.lang.invoke.DirectMethodHandle$Holder.invokeSpecial(java.lang.Object, java.lang.Object, java.lang.Object, java.lang.Object, int)'> (0x000000008b744b98) 
thrown [s\src\hotspot\share\interpreter\linkResolver.cpp, line 773]
Event: 2.119 Thread 0x0000019760e67820 Exception <a 'java/lang/NoSuchMethodError'{0x000000008b7484e0}: 'java.lang.Object java.lang.invoke.Invokers$Holder.linkToTargetMethod(java.lang.Object, java.lang.Object, int, java.lang.Object)'> (0x000000008b7484e0) 
thrown [s\src\hotspot\share\interpreter\linkResolver.cpp, line 773]
Event: 2.135 Thread 0x0000019760e67820 Exception <a 'java/lang/NoSuchMethodError'{0x000000008b65d328}: 'void java.lang.invoke.DirectMethodHandle$Holder.invokeSpecial(java.lang.Object, java.lang.Object, java.lang.Object, java.lang.Object, java.lang.Object)'> (0x000000008b65d328) 
thrown [s\src\hotspot\share\interpreter\linkResolver.cpp, line 773]
Event: 2.149 Thread 0x0000019760e66470 Exception <a 'java/lang/NoSuchMethodError'{0x000000008b50fd90}: 'int java.lang.invoke.DirectMethodHandle$Holder.invokeSpecialIFC(java.lang.Object, java.lang.Object, java.lang.Object, java.lang.Object, java.lang.Object)'> (0x000000008b50fd90) 
thrown [s\src\hotspot\share\interpreter\linkResolver.cpp, line 773]
Event: 3.161 Thread 0x0000019760e66470 Exception <a 'java/lang/NoSuchMethodError'{0x000000008b5dd990}: 'java.lang.Object java.lang.invoke.DirectMethodHandle$Holder.newInvokeSpecial(java.lang.Object, java.lang.Object, long, java.lang.Object, java.lang.Object, java.lang.Object)'> (0x000000008b5dd990) 
thrown [s\src\hotspot\share\interpreter\linkResolver.cpp, line 773]
Event: 3.165 Thread 0x0000019760e66470 Exception <a 'java/lang/NoSuchMethodError'{0x000000008b4017f8}: 'void java.lang.invoke.DirectMethodHandle$Holder.invokeSpecial(java.lang.Object, java.lang.Object, java.lang.Object, java.lang.Object, java.lang.Object, java.lang.Object, java.lang.Object)'> (0x000000008b4017f8) 
thrown [s\src\hotspot\share\interpreter\linkResolver.cpp, line 773]
Event: 3.175 Thread 0x0000019740dca910 Exception <a 'java/lang/NoSuchMethodError'{0x000000008b46c278}: 'java.lang.Object java.lang.invoke.DirectMethodHandle$Holder.invokeSpecialIFC(java.lang.Object, java.lang.Object, java.lang.Object)'> (0x000000008b46c278) 
thrown [s\src\hotspot\share\interpreter\linkResolver.cpp, line 773]

ZGC Phase Switch (0 events):
No events

VM Operations (20 events):
Event: 1.807 Executing VM operation: G1PauseRemark
Event: 1.809 Executing VM operation: G1PauseRemark done
Event: 1.809 Executing VM operation: G1PauseCleanup
Event: 1.812 Executing VM operation: G1PauseCleanup done
Event: 1.815 Executing VM operation: HandshakeAllThreads (Deoptimize)
Event: 1.815 Executing VM operation: HandshakeAllThreads (Deoptimize) done
Event: 1.903 Executing VM operation: HandshakeAllThreads (Deoptimize)
Event: 1.903 Executing VM operation: HandshakeAllThreads (Deoptimize) done
Event: 1.978 Executing VM operation: HandshakeAllThreads (Deoptimize)
Event: 1.978 Executing VM operation: HandshakeAllThreads (Deoptimize) done
Event: 1.979 Executing VM operation: HandshakeAllThreads (Deoptimize)
Event: 1.979 Executing VM operation: HandshakeAllThreads (Deoptimize) done
Event: 2.057 Executing VM operation: HandshakeAllThreads (Deoptimize)
Event: 2.057 Executing VM operation: HandshakeAllThreads (Deoptimize) done
Event: 3.063 Executing VM operation: Cleanup
Event: 3.063 Executing VM operation: Cleanup done
Event: 3.153 Executing VM operation: HandshakeAllThreads (Deoptimize)
Event: 3.153 Executing VM operation: HandshakeAllThreads (Deoptimize) done
Event: 3.154 Executing VM operation: HandshakeAllThreads (Deoptimize)
Event: 3.155 Executing VM operation: HandshakeAllThreads (Deoptimize) done

Events (20 events):
Event: 1.588 Thread 0x000001975b4ab7a0 Thread exited: 0x000001975b4ab7a0
Event: 1.589 Thread 0x000001976039be30 Thread exited: 0x000001976039be30
Event: 1.638 Thread 0x00000197604acbd0 Thread added: 0x00000197604acbd0
Event: 1.717 Thread 0x0000019760493a50 Thread added: 0x0000019760493a50
Event: 1.930 Thread 0x0000019760e852d0 Thread added: 0x0000019760e852d0
Event: 1.977 Thread 0x0000019760675fd0 Thread added: 0x0000019760675fd0
Event: 1.980 Thread 0x0000019760676fb0 Thread added: 0x0000019760676fb0
Event: 1.980 Thread 0x0000019760677620 Thread added: 0x0000019760677620
Event: 1.981 Thread 0x0000019760493a50 Thread exited: 0x0000019760493a50
Event: 1.987 Thread 0x0000019760493a00 Thread added: 0x0000019760493a00
Event: 2.057 Thread 0x0000019760e66b00 Thread added: 0x0000019760e66b00
Event: 2.093 Thread 0x0000019760e67820 Thread added: 0x0000019760e67820
Event: 2.096 Thread 0x0000019760e67190 Thread added: 0x0000019760e67190
Event: 2.147 Thread 0x0000019760e66470 Thread added: 0x0000019760e66470
Event: 2.148 Thread 0x0000019760e65750 Thread added: 0x0000019760e65750
Event: 2.149 Thread 0x0000019760e643a0 Thread added: 0x0000019760e643a0
Event: 3.216 Thread 0x0000019760e65de0 Thread added: 0x0000019760e65de0
Event: 3.217 Thread 0x0000019760e64a30 Thread added: 0x0000019760e64a30
Event: 3.219 Thread 0x0000019760e650c0 Thread added: 0x0000019760e650c0
Event: 3.219 Thread 0x0000019760d40790 Thread added: 0x0000019760d40790


Dynamic libraries:
0x00007ff6ef850000 - 0x00007ff6ef85e000 	C:\Users\atuls\Downloads\eclipse-committers-2024-06-R-win32-x86_64\eclipse\plugins\org.eclipse.justj.openjdk.hotspot.jre.full.win32.x86_64_21.0.3.v20240426-1530\jre\bin\javaw.exe
0x00007ffe70270000 - 0x00007ffe70487000 	C:\WINDOWS\SYSTEM32\ntdll.dll
0x00007ffe6f540000 - 0x00007ffe6f604000 	C:\WINDOWS\System32\KERNEL32.DLL
0x00007ffe6d750000 - 0x00007ffe6db0a000 	C:\WINDOWS\System32\KERNELBASE.dll
0x00007ffe6db90000 - 0x00007ffe6dca1000 	C:\WINDOWS\System32\ucrtbase.dll
0x00007ffe65b50000 - 0x00007ffe65b68000 	C:\Users\atuls\Downloads\eclipse-committers-2024-06-R-win32-x86_64\eclipse\plugins\org.eclipse.justj.openjdk.hotspot.jre.full.win32.x86_64_21.0.3.v20240426-1530\jre\bin\jli.dll
0x00007ffe65b10000 - 0x00007ffe65b2b000 	C:\Users\atuls\Downloads\eclipse-committers-2024-06-R-win32-x86_64\eclipse\plugins\org.eclipse.justj.openjdk.hotspot.jre.full.win32.x86_64_21.0.3.v20240426-1530\jre\bin\VCRUNTIME140.dll
0x00007ffe57130000 - 0x00007ffe573c2000 	C:\WINDOWS\WinSxS\amd64_microsoft.windows.common-controls_6595b64144ccf1df_6.0.22621.4541_none_2710d1c57384c085\COMCTL32.dll
0x00007ffe6f940000 - 0x00007ffe6faee000 	C:\WINDOWS\System32\USER32.dll
0x00007ffe6df70000 - 0x00007ffe6e017000 	C:\WINDOWS\System32\msvcrt.dll
0x00007ffe6dcb0000 - 0x00007ffe6dcd6000 	C:\WINDOWS\System32\win32u.dll
0x00007ffe6e030000 - 0x00007ffe6e059000 	C:\WINDOWS\System32\GDI32.dll
0x00007ffe6dce0000 - 0x00007ffe6ddfb000 	C:\WINDOWS\System32\gdi32full.dll
0x00007ffe6d540000 - 0x00007ffe6d5da000 	C:\WINDOWS\System32\msvcp_win.dll
0x00007ffe6f310000 - 0x00007ffe6f341000 	C:\WINDOWS\System32\IMM32.DLL
0x00007ffe56c50000 - 0x00007ffe56c5c000 	C:\Users\atuls\Downloads\eclipse-committers-2024-06-R-win32-x86_64\eclipse\plugins\org.eclipse.justj.openjdk.hotspot.jre.full.win32.x86_64_21.0.3.v20240426-1530\jre\bin\vcruntime140_1.dll
0x00007ffe56bc0000 - 0x00007ffe56c4e000 	C:\Users\atuls\Downloads\eclipse-committers-2024-06-R-win32-x86_64\eclipse\plugins\org.eclipse.justj.openjdk.hotspot.jre.full.win32.x86_64_21.0.3.v20240426-1530\jre\bin\msvcp140.dll
0x00007ffe1c700000 - 0x00007ffe1d482000 	C:\Users\atuls\Downloads\eclipse-committers-2024-06-R-win32-x86_64\eclipse\plugins\org.eclipse.justj.openjdk.hotspot.jre.full.win32.x86_64_21.0.3.v20240426-1530\jre\bin\server\jvm.dll
0x00007ffe6f3c0000 - 0x00007ffe6f472000 	C:\WINDOWS\System32\ADVAPI32.dll
0x00007ffe6f490000 - 0x00007ffe6f537000 	C:\WINDOWS\System32\sechost.dll
0x00007ffe6d660000 - 0x00007ffe6d688000 	C:\WINDOWS\System32\bcrypt.dll
0x00007ffe70090000 - 0x00007ffe701a4000 	C:\WINDOWS\System32\RPCRT4.dll
0x00007ffe6fb10000 - 0x00007ffe6fb81000 	C:\WINDOWS\System32\WS2_32.dll
0x00007ffe6d410000 - 0x00007ffe6d45d000 	C:\WINDOWS\SYSTEM32\POWRPROF.dll
0x00007ffe67900000 - 0x00007ffe67934000 	C:\WINDOWS\SYSTEM32\WINMM.dll
0x00007ffe6c170000 - 0x00007ffe6c17a000 	C:\WINDOWS\SYSTEM32\VERSION.dll
0x00007ffe6d340000 - 0x00007ffe6d353000 	C:\WINDOWS\SYSTEM32\UMPDC.dll
0x00007ffe6c4e0000 - 0x00007ffe6c4f8000 	C:\WINDOWS\SYSTEM32\kernel.appcore.dll
0x00007ffe33300000 - 0x00007ffe3330a000 	C:\Users\atuls\Downloads\eclipse-committers-2024-06-R-win32-x86_64\eclipse\plugins\org.eclipse.justj.openjdk.hotspot.jre.full.win32.x86_64_21.0.3.v20240426-1530\jre\bin\jimage.dll
0x00007ffe6acf0000 - 0x00007ffe6af22000 	C:\WINDOWS\SYSTEM32\DBGHELP.DLL
0x00007ffe6fd00000 - 0x00007ffe7008f000 	C:\WINDOWS\System32\combase.dll
0x00007ffe6f620000 - 0x00007ffe6f6f7000 	C:\WINDOWS\System32\OLEAUT32.dll
0x00007ffe416b0000 - 0x00007ffe416e2000 	C:\WINDOWS\SYSTEM32\dbgcore.DLL
0x00007ffe6db10000 - 0x00007ffe6db8b000 	C:\WINDOWS\System32\bcryptPrimitives.dll
0x00007ffe32300000 - 0x00007ffe3231f000 	C:\Users\atuls\Downloads\eclipse-committers-2024-06-R-win32-x86_64\eclipse\plugins\org.eclipse.justj.openjdk.hotspot.jre.full.win32.x86_64_21.0.3.v20240426-1530\jre\bin\java.dll
0x00007ffe32130000 - 0x00007ffe32148000 	C:\Users\atuls\Downloads\eclipse-committers-2024-06-R-win32-x86_64\eclipse\plugins\org.eclipse.justj.openjdk.hotspot.jre.full.win32.x86_64_21.0.3.v20240426-1530\jre\bin\zip.dll
0x00007ffe6e060000 - 0x00007ffe6e8d8000 	C:\WINDOWS\System32\SHELL32.dll
0x00007ffe6b7e0000 - 0x00007ffe6c0e8000 	C:\WINDOWS\SYSTEM32\windows.storage.dll
0x00007ffe6b6a0000 - 0x00007ffe6b7df000 	C:\WINDOWS\SYSTEM32\wintypes.dll
0x00007ffe6ed60000 - 0x00007ffe6ee5a000 	C:\WINDOWS\System32\SHCORE.dll
0x00007ffe6f2b0000 - 0x00007ffe6f30e000 	C:\WINDOWS\System32\shlwapi.dll
0x00007ffe6d470000 - 0x00007ffe6d49b000 	C:\WINDOWS\SYSTEM32\profapi.dll
0x00007ffe332f0000 - 0x00007ffe33300000 	C:\Users\atuls\Downloads\eclipse-committers-2024-06-R-win32-x86_64\eclipse\plugins\org.eclipse.justj.openjdk.hotspot.jre.full.win32.x86_64_21.0.3.v20240426-1530\jre\bin\net.dll
0x00007ffe67c30000 - 0x00007ffe67d66000 	C:\WINDOWS\SYSTEM32\WINHTTP.dll
0x00007ffe6c9d0000 - 0x00007ffe6ca39000 	C:\WINDOWS\system32\mswsock.dll
0x00007ffe32050000 - 0x00007ffe32066000 	C:\Users\atuls\Downloads\eclipse-committers-2024-06-R-win32-x86_64\eclipse\plugins\org.eclipse.justj.openjdk.hotspot.jre.full.win32.x86_64_21.0.3.v20240426-1530\jre\bin\nio.dll
0x00007ffe32120000 - 0x00007ffe32130000 	C:\Users\atuls\Downloads\eclipse-committers-2024-06-R-win32-x86_64\eclipse\plugins\org.eclipse.justj.openjdk.hotspot.jre.full.win32.x86_64_21.0.3.v20240426-1530\jre\bin\verify.dll
0x00007ffe6b3d0000 - 0x00007ffe6b4d2000 	C:\WINDOWS\SYSTEM32\DNSAPI.dll
0x00007ffe6b360000 - 0x00007ffe6b38d000 	C:\WINDOWS\SYSTEM32\IPHLPAPI.DLL
0x00007ffe6f610000 - 0x00007ffe6f619000 	C:\WINDOWS\System32\NSI.dll
0x00007ffe67840000 - 0x00007ffe6784a000 	C:\Windows\System32\rasadhlp.dll
0x00007ffe65430000 - 0x00007ffe654b3000 	C:\WINDOWS\System32\fwpuclnt.dll
0x00007ffe4f470000 - 0x00007ffe4f479000 	C:\Users\atuls\Downloads\eclipse-committers-2024-06-R-win32-x86_64\eclipse\plugins\org.eclipse.justj.openjdk.hotspot.jre.full.win32.x86_64_21.0.3.v20240426-1530\jre\bin\extnet.dll
0x00007ffe6cc60000 - 0x00007ffe6cc7b000 	C:\WINDOWS\SYSTEM32\CRYPTSP.dll
0x00007ffe6c4a0000 - 0x00007ffe6c4d5000 	C:\WINDOWS\system32\rsaenh.dll
0x00007ffe6cad0000 - 0x00007ffe6caf8000 	C:\WINDOWS\SYSTEM32\USERENV.dll
0x00007ffe6cc50000 - 0x00007ffe6cc5c000 	C:\WINDOWS\SYSTEM32\CRYPTBASE.dll
0x00007ffe67a00000 - 0x00007ffe67a0e000 	C:\Users\atuls\Downloads\eclipse-committers-2024-06-R-win32-x86_64\eclipse\plugins\org.eclipse.justj.openjdk.hotspot.jre.full.win32.x86_64_21.0.3.v20240426-1530\jre\bin\sunmscapi.dll
0x00007ffe6de00000 - 0x00007ffe6df66000 	C:\WINDOWS\System32\CRYPT32.dll
0x00007ffe6cdf0000 - 0x00007ffe6ce1d000 	C:\WINDOWS\SYSTEM32\ncrypt.dll
0x00007ffe6cdb0000 - 0x00007ffe6cde7000 	C:\WINDOWS\SYSTEM32\NTASN1.dll
0x00007ffe23ba0000 - 0x00007ffe23ba8000 	C:\WINDOWS\system32\wshunix.dll

dbghelp: loaded successfully - version: 4.0.5 - missing functions: none
symbol engine: initialized successfully - sym options: 0x614 - pdb path: .;C:\Users\atuls\Downloads\eclipse-committers-2024-06-R-win32-x86_64\eclipse\plugins\org.eclipse.justj.openjdk.hotspot.jre.full.win32.x86_64_21.0.3.v20240426-1530\jre\bin;C:\WINDOWS\SYSTEM32;C:\WINDOWS\WinSxS\amd64_microsoft.windows.common-controls_6595b64144ccf1df_6.0.22621.4541_none_2710d1c57384c085;C:\Users\atuls\Downloads\eclipse-committers-2024-06-R-win32-x86_64\eclipse\plugins\org.eclipse.justj.openjdk.hotspot.jre.full.win32.x86_64_21.0.3.v20240426-1530\jre\bin\server

VM Arguments:
jvm_args: -ea -Dfile.encoding=UTF-8 -Dstdout.encoding=UTF-8 -Dstderr.encoding=UTF-8 -XX:+ShowCodeDetailsInExceptionMessages 
java_command: org.testng.remote.RemoteTestNG -serport 62741 -protocol json -d C:\Users\atuls\Desktop\Eclipse\Chicco\test-output C:\Users\atuls\Desktop\Eclipse\Chicco\testngchicco.xml
java_class_path (initial): C:\Users\atuls\Downloads\eclipse-committers-2024-06-R-win32-x86_64\eclipse\configuration\org.eclipse.osgi\595\0\.cp\lib\testng-remote.jar;C:\Users\atuls\Desktop\Eclipse\Chicco\target\test-classes;C:\Users\atuls\Desktop\Eclipse\Chicco\target\classes;C:\Users\atuls\.m2\repository\org\seleniumhq\selenium\selenium-java\4.26.0\selenium-java-4.26.0.jar;C:\Users\atuls\.m2\repository\org\seleniumhq\selenium\selenium-api\4.26.0\selenium-api-4.26.0.jar;C:\Users\atuls\.m2\repository\org\jspecify\jspecify\1.0.0\jspecify-1.0.0.jar;C:\Users\atuls\.m2\repository\org\seleniumhq\selenium\selenium-chrome-driver\4.26.0\selenium-chrome-driver-4.26.0.jar;C:\Users\atuls\.m2\repository\com\google\auto\service\auto-service-annotations\1.1.1\auto-service-annotations-1.1.1.jar;C:\Users\atuls\.m2\repository\org\seleniumhq\selenium\selenium-chromium-driver\4.26.0\selenium-chromium-driver-4.26.0.jar;C:\Users\atuls\.m2\repository\org\seleniumhq\selenium\selenium-json\4.26.0\selenium-json-4.26.0.jar;C:\Users\atuls\.m2\repository\org\seleniumhq\selenium\selenium-manager\4.26.0\selenium-manager-4.26.0.jar;C:\Users\atuls\.m2\repository\org\seleniumhq\selenium\selenium-devtools-v128\4.26.0\selenium-devtools-v128-4.26.0.jar;C:\Users\atuls\.m2\repository\org\seleniumhq\selenium\selenium-devtools-v129\4.26.0\selenium-devtools-v129-4.26.0.jar;C:\Users\atuls\.m2\repository\org\seleniumhq\selenium\selenium-devtools-v130\4.26.0\selenium-devtools-v130-4.26.0.jar;C:\Users\atuls\.m2\repository\org\seleniumhq\selenium\selenium-devtools-v85\4.26.0\selenium-devtools-v85-4.26.0.jar;C:\Users\atuls\.m2\repository\org\seleniumhq\selenium\selenium-edge-driver\4.26.0\selenium-edge-driver-4.26.0.jar;C:\Users\atuls\.m2\repository\org\seleniumhq\selenium\selenium-firefox-driver\4.26.0\selenium-firefox-driver-4.26.0.jar;C:\Users\atuls\.m2\repository\org\seleniumhq\selenium\selenium-http\4.26.0\selenium-http-4.26.0.jar;C:\Users\atuls\.m2\repository\dev\failsafe\failsafe\3.3.2\failsafe-3.3.2.jar;C:\Users\atuls\.m2\repository\org\seleniumhq\selenium\selenium-ie-driver\4.26.0\selenium-ie-driver-4.26.0.jar;C:\Users\atuls\.m2\repository\org\seleniumhq\selenium\selenium-remote-driver\4.26.0\selenium-remote-driver-4.26.0.jar;C:\Users\atuls\.m2\repository\com\google\guava\guava\33.3.1-jre\guava-33.3.1-jre.jar;C:\Users\atuls\.m2\repository\com\google\guava\failureaccess\1.0.2\failureaccess-1.0.2.jar;C:\Users\atuls\.m2\repository\com\google\guava\listenablefuture\9999.0-empty-to-avoid-conflict-with-guava\listenablefuture-9999.0-empty-to-avoid-conflict-with-guava.jar;C:\Users\atuls\.m2\repository\com\google\code\findbugs\jsr305\3.0.2\jsr305-3.0.2.jar;C:\Users\atuls\.m2\repository\org\checkerframework\checker-qual\3.43.0\checker-qual-3.43.0.jar;C:\Users\atuls\.m2\repository\com\google\errorprone\error_prone_annotations\2.28.0\error_prone_annotations-2.28.0.jar;C:\Users\atuls\.m2\repository\com\google\j2objc\j2objc-annotations\3.0.0\j2objc-annotations-3.0.0.jar;C:\Users\atuls\.m2\repository\io\opentelemetry\semconv\opentelemetry-semconv\1.25.0-alpha\opentelemetry-semconv-1.25.0-alpha.jar;C:\Users\atuls\.m2\repository\io\opentelemetry\opentelemetry-api\1.43.0\opentelemetry-api-1.43.0.jar;C:\Users\atuls\.m2\repository\io\opentelemetry\opentelemetry-context\1.43.0\opentelemetry-context-1.43.0.jar;C:\Users\atuls\.m2\repository\io\opentelemetry\opentelemetry-exporter-logging\1.43.0\opentelemetry-exporter-logging-1.43.0.jar;C:\Users\atuls\.m2\repository\io\opentelemetry\opentelemetry-sdk-common\1.43.0\opentelemetry-sdk-common-1.43.0.jar;C:\Users\atuls\.m2\repository\io\opentelemetry\opentelemetry-sdk-extension-autoconfigure-spi\1.43.0\opentelemetry-sdk-extension-autoconfigure-spi-1.43.0.jar;C:\Users\atuls\.m2\repository\io\opentelemetry\opentelemetry-sdk-extension-autoconfigure\1.43.0\opentelemetry-sdk-extension-autoconfigure-1.43.0.jar;C:\Users\atuls\.m2\repository\io\opentelemetry\opentelemetry-api-incubator\1.43.0-alpha\opentelemetry-api-incubator-1.43.0-alpha.jar;C:\Users\atuls\.m2\repository\io\opentelemetry\opentelemetry-sdk-trace\1.43.0\opentelemetry-sdk-trace-1.43.0.jar;C:\Users\atuls\.m2\repository\io\opentelemetry\opentelemetry-sdk\1.43.0\opentelemetry-sdk-1.43.0.jar;C:\Users\atuls\.m2\repository\io\opentelemetry\opentelemetry-sdk-metrics\1.43.0\opentelemetry-sdk-metrics-1.43.0.jar;C:\Users\atuls\.m2\repository\io\opentelemetry\opentelemetry-sdk-logs\1.43.0\opentelemetry-sdk-logs-1.43.0.jar;C:\Users\atuls\.m2\repository\net\bytebuddy\byte-buddy\1.15.7\byte-buddy-1.15.7.jar;C:\Users\atuls\.m2\repository\org\seleniumhq\selenium\selenium-os\4.26.0\selenium-os-4.26.0.jar;C:\Users\atuls\.m2\repository\org\apache\commons\commons-exec\1.4.0\commons-exec-1.4.0.jar;C:\Users\atuls\.m2\repository\org\seleniumhq\selenium\selenium-safari-driver\4.26.0\selenium-safari-driver-4.26.0.jar;C:\Users\atuls\.m2\repository\org\seleniumhq\selenium\selenium-support\4.26.0\selenium-support-4.26.0.jar;C:\Users\atuls\.m2\repository\org\testng\testng\7.10.2\testng-7.10.2.jar;C:\Users\atuls\.m2\repository\org\slf4j\slf4j-api\1.7.36\slf4j-api-1.7.36.jar;C:\Users\atuls\.m2\repository\com\beust\jcommander\1.82\jcommander-1.82.jar;C:\Users\atuls\.m2\repository\org\webjars\jquery\3.7.1\jquery-3.7.1.jar;C:\Users\atuls\.m2\repository\org\apache\poi\poi\5.2.5\poi-5.2.5.jar;C:\Users\atuls\.m2\repository\commons-codec\commons-codec\1.16.0\commons-codec-1.16.0.jar;C:\Users\atuls\.m2\repository\org\apache\commons\commons-collections4\4.4\commons-collections4-4.4.jar;C:\Users\atuls\.m2\repository\org\apache\commons\commons-math3\3.6.1\commons-math3-3.6.1.jar;C:\Users\atuls\.m2\repository\commons-io\commons-io\2.15.0\commons-io-2.15.0.jar;C:\Users\atuls\.m2\repository\com\zaxxer\SparseBitSet\1.3\SparseBitSet-1.3.jar;C:\Users\atuls\.m2\repository\org\apache\logging\log4j\log4j-api\2.21.1\log4j-api-2.21.1.jar;C:\Users\atuls\.m2\repository\org\apache\poi\poi-ooxml\5.2.5\poi-ooxml-5.2.5.jar;C:\Users\atuls\.m2\repository\org\apache\poi\poi-ooxml-lite\5.2.5\poi-ooxml-lite-5.2.5.jar;C:\Users\atuls\.m2\repository\org\apache\xmlbeans\xmlbeans\5.2.0\xmlbeans-5.2.0.jar;C:\Users\atuls\.m2\repository\org\apache\commons\commons-compress\1.25.0\commons-compress-1.25.0.jar;C:\Users\atuls\.m2\repository\com\github\virtuald\curvesapi\1.08\curvesapi-1.08.jar
Launcher Type: SUN_STANDARD

[Global flags]
     intx CICompilerCount                          = 4                                         {product} {ergonomic}
     uint ConcGCThreads                            = 3                                         {product} {ergonomic}
     uint G1ConcRefinementThreads                  = 10                                        {product} {ergonomic}
   size_t G1HeapRegionSize                         = 1048576                                   {product} {ergonomic}
    uintx GCDrainStackTargetSize                   = 64                                        {product} {ergonomic}
   size_t InitialHeapSize                          = 123731968                                 {product} {ergonomic}
   size_t MarkStackSize                            = 4194304                                   {product} {ergonomic}
   size_t MaxHeapSize                              = 1977614336                                {product} {ergonomic}
   size_t MaxNewSize                               = 1185939456                                {product} {ergonomic}
   size_t MinHeapDeltaBytes                        = 1048576                                   {product} {ergonomic}
   size_t MinHeapSize                              = 8388608                                   {product} {ergonomic}
    uintx NonNMethodCodeHeapSize                   = 5839372                                {pd product} {ergonomic}
    uintx NonProfiledCodeHeapSize                  = 122909434                              {pd product} {ergonomic}
    uintx ProfiledCodeHeapSize                     = 122909434                              {pd product} {ergonomic}
    uintx ReservedCodeCacheSize                    = 251658240                              {pd product} {ergonomic}
     bool SegmentedCodeCache                       = true                                      {product} {ergonomic}
     bool ShowCodeDetailsInExceptionMessages       = true                                   {manageable} {command line}
   size_t SoftMaxHeapSize                          = 1977614336                             {manageable} {ergonomic}
     bool UseCompressedOops                        = true                           {product lp64_product} {ergonomic}
     bool UseG1GC                                  = true                                      {product} {ergonomic}
     bool UseLargePagesIndividualAllocation        = false                                  {pd product} {ergonomic}

Logging:
Log output configuration:
 #0: stdout all=warning uptime,level,tags foldmultilines=false
 #1: stderr all=off uptime,level,tags foldmultilines=false

Environment Variables:
PATH=C:/Users/atuls/Downloads/eclipse-committers-2024-06-R-win32-x86_64/eclipse//plugins/org.eclipse.justj.openjdk.hotspot.jre.full.win32.x86_64_21.0.3.v20240426-1530/jre/bin/server;C:/Users/atuls/Downloads/eclipse-committers-2024-06-R-win32-x86_64/eclipse//plugins/org.eclipse.justj.openjdk.hotspot.jre.full.win32.x86_64_21.0.3.v20240426-1530/jre/bin;C:\Program Files\Common Files\Oracle\Java\javapath;C:\windows\system32;C:\windows;C:\windows\System32\Wbem;C:\windows\System32\WindowsPowerShell\v1.0\;C:\windows\System32\OpenSSH\;C:\Program Files (x86)\NVIDIA Corporation\PhysX\Common;C:\Program Files\NVIDIA Corporation\NVIDIA NvDLISR;C:\WINDOWS\system32;C:\WINDOWS;C:\WINDOWS\System32\Wbem;C:\WINDOWS\System32\WindowsPowerShell\v1.0\;C:\WINDOWS\System32\OpenSSH\;C:\Program Files (x86)\Microsoft SQL Server\160\Tools\Binn\;C:\Program Files\Microsoft SQL Server\160\Tools\Binn\;C:\Program Files\Microsoft SQL Server\Client SDK\ODBC\170\Tools\Binn\;C:\Program Files\Microsoft SQL Server\160\DTS\Binn\;C:\Program Files (x86)\Microsoft SQL Server\160\DTS\Binn\;C:\Program Files\nodejs\;C:\Program Files\Git\cmd;C:\Users\atuls\AppData\Local\Microsoft\WindowsApps;;C:\Users\atuls\AppData\Local\Programs\Microsoft VS Code\bin;C:\Program Files\JetBrains\IntelliJ IDEA 2024.2.1\bin;;C:\Users\atuls\AppData\Roaming\npm;C:\Users\atuls\Downloads\eclipse-committers-2024-06-R-win32-x86_64\eclipse;
USERNAME=atuls
OS=Windows_NT
PROCESSOR_IDENTIFIER=AMD64 Family 23 Model 96 Stepping 1, AuthenticAMD
TMP=C:\Users\atuls\AppData\Local\Temp
TEMP=C:\Users\atuls\AppData\Local\Temp




Periodic native trim disabled

---------------  S Y S T E M  ---------------

OS:
 Windows 11 , 64 bit Build 22621 (10.0.22621.4391)
OS uptime: 4 days 9:50 hours
Hyper-V role detected

CPU: total 12 (initial active 12) (12 cores per cpu, 2 threads per core) family 23 model 96 stepping 1 microcode 0x0, cx8, cmov, fxsr, ht, mmx, 3dnowpref, sse, sse2, sse3, ssse3, sse4a, sse4.1, sse4.2, popcnt, lzcnt, tsc, tscinvbit, avx, avx2, aes, clmul, bmi1, bmi2, adx, sha, fma, vzeroupper, clflush, clflushopt, hv, rdtscp, rdpid, f16c
Processor Information for all 12 processors :
  Max Mhz: 3000, Current Mhz: 3000, Mhz Limit: 3000

Memory: 4k page, system-wide physical 7539M (1683M free)
TotalPageFile size 31091M (AvailPageFile size 1M)
current process WorkingSet (physical memory assigned to process): 120M, peak: 120M
current process commit charge ("private bytes"): 161M, peak: 241M

vm_info: OpenJDK 64-Bit Server VM (21.0.3+9-LTS) for windows-amd64 JRE (21.0.3+9-LTS), built on 2024-04-16T00:00:00Z by "admin" with MS VC++ 17.7 (VS2022)

END.
